# JRE version: Java(TM) SE Runtime Environment (8.0_241-b07) (build 1.8.0_241-b07)
# Java VM: Java HotSpot(TM) 64-Bit Server VM (25.241-b07 mixed mode windows-amd64 compressed oops)
Heap:
 PSYoungGen      total 34304K, used 11638K [0x00000000ed900000, 0x00000000f2000000, 0x0000000100000000)
  eden space 29696K, 23% used [0x00000000ed900000,0x00000000edfe0fe8,0x00000000ef600000)
  from space 4608K, 99% used [0x00000000ef600000,0x00000000efa7ca48,0x00000000efa80000)
  to   space 6656K, 0% used [0x00000000f1980000,0x00000000f1980000,0x00000000f2000000)
 ParOldGen       total 38400K, used 8375K [0x00000000c8a00000, 0x00000000caf80000, 0x00000000ed900000)
  object space 38400K, 21% used [0x00000000c8a00000,0x00000000c922df40,0x00000000caf80000)
 Metaspace       used 20146K, capacity 20858K, committed 20992K, reserved 1067008K
  class space    used 2625K, capacity 2791K, committed 2816K, reserved 1048576K
GC Heap History (10 events):
Event: 8.063 GC heap before
{Heap before GC invocations=3 (full 0):
 PSYoungGen      total 16896K, used 16868K [0x00000000ed900000, 0x00000000eeb80000, 0x0000000100000000)
  eden space 14848K, 100% used [0x00000000ed900000,0x00000000ee780000,0x00000000ee780000)
  from space 2048K, 98% used [0x00000000ee980000,0x00000000eeb790f8,0x00000000eeb80000)
  to   space 2048K, 0% used [0x00000000ee780000,0x00000000ee780000,0x00000000ee980000)
 ParOldGen       total 38400K, used 1130K [0x00000000c8a00000, 0x00000000caf80000, 0x00000000ed900000)
  object space 38400K, 2% used [0x00000000c8a00000,0x00000000c8b1ab90,0x00000000caf80000)
 Metaspace       used 10745K, capacity 11126K, committed 11264K, reserved 1058816K
  class space    used 1301K, capacity 1425K, committed 1536K, reserved 1048576K
Event: 8.074 GC heap after
Heap after GC invocations=3 (full 0):
 PSYoungGen      total 16896K, used 2048K [0x00000000ed900000, 0x00000000eeb80000, 0x0000000100000000)
  eden space 14848K, 0% used [0x00000000ed900000,0x00000000ed900000,0x00000000ee780000)
  from space 2048K, 100% used [0x00000000ee780000,0x00000000ee980000,0x00000000ee980000)
  to   space 2048K, 0% used [0x00000000ee980000,0x00000000ee980000,0x00000000eeb80000)
 ParOldGen       total 38400K, used 2640K [0x00000000c8a00000, 0x00000000caf80000, 0x00000000ed900000)
  object space 38400K, 6% used [0x00000000c8a00000,0x00000000c8c94320,0x00000000caf80000)
 Metaspace       used 10745K, capacity 11126K, committed 11264K, reserved 1058816K
  class space    used 1301K, capacity 1425K, committed 1536K, reserved 1048576K
}
Event: 9.432 GC heap before
{Heap before GC invocations=4 (full 0):
 PSYoungGen      total 16896K, used 16896K [0x00000000ed900000, 0x00000000eeb80000, 0x0000000100000000)
  eden space 14848K, 100% used [0x00000000ed900000,0x00000000ee780000,0x00000000ee780000)
  from space 2048K, 100% used [0x00000000ee780000,0x00000000ee980000,0x00000000ee980000)
  to   space 2048K, 0% used [0x00000000ee980000,0x00000000ee980000,0x00000000eeb80000)
 ParOldGen       total 38400K, used 2640K [0x00000000c8a00000, 0x00000000caf80000, 0x00000000ed900000)
  object space 38400K, 6% used [0x00000000c8a00000,0x00000000c8c94320,0x00000000caf80000)
 Metaspace       used 12467K, capacity 12968K, committed 13056K, reserved 1060864K
  class space    used 1600K, capacity 1760K, committed 1792K, reserved 1048576K
Event: 9.447 GC heap after
Heap after GC invocations=4 (full 0):
 PSYoungGen      total 16896K, used 2034K [0x00000000ed900000, 0x00000000eeb80000, 0x0000000100000000)
  eden space 14848K, 0% used [0x00000000ed900000,0x00000000ed900000,0x00000000ee780000)
  from space 2048K, 99% used [0x00000000ee980000,0x00000000eeb7cb28,0x00000000eeb80000)
  to   space 2048K, 0% used [0x00000000ee780000,0x00000000ee780000,0x00000000ee980000)
 ParOldGen       total 38400K, used 4311K [0x00000000c8a00000, 0x00000000caf80000, 0x00000000ed900000)
  object space 38400K, 11% used [0x00000000c8a00000,0x00000000c8e35ee0,0x00000000caf80000)
 Metaspace       used 12467K, capacity 12968K, committed 13056K, reserved 1060864K
  class space    used 1600K, capacity 1760K, committed 1792K, reserved 1048576K
}
Event: 10.876 GC heap before
{Heap before GC invocations=5 (full 0):
 PSYoungGen      total 16896K, used 16882K [0x00000000ed900000, 0x00000000eeb80000, 0x0000000100000000)
  eden space 14848K, 100% used [0x00000000ed900000,0x00000000ee780000,0x00000000ee780000)
  from space 2048K, 99% used [0x00000000ee980000,0x00000000eeb7cb28,0x00000000eeb80000)
  to   space 2048K, 0% used [0x00000000ee780000,0x00000000ee780000,0x00000000ee980000)
 ParOldGen       total 38400K, used 4311K [0x00000000c8a00000, 0x00000000caf80000, 0x00000000ed900000)
  object space 38400K, 11% used [0x00000000c8a00000,0x00000000c8e35ee0,0x00000000caf80000)
 Metaspace       used 13704K, capacity 14202K, committed 14336K, reserved 1060864K
  class space    used 1809K, capacity 1955K, committed 2048K, reserved 1048576K
Event: 10.910 GC heap after
Heap after GC invocations=5 (full 0):
 PSYoungGen      total 16896K, used 2032K [0x00000000ed900000, 0x00000000eff00000, 0x0000000100000000)
  eden space 14848K, 0% used [0x00000000ed900000,0x00000000ed900000,0x00000000ee780000)
  from space 2048K, 99% used [0x00000000ee780000,0x00000000ee97c010,0x00000000ee980000)
  to   space 4608K, 0% used [0x00000000efa80000,0x00000000efa80000,0x00000000eff00000)
 ParOldGen       total 38400K, used 5853K [0x00000000c8a00000, 0x00000000caf80000, 0x00000000ed900000)
  object space 38400K, 15% used [0x00000000c8a00000,0x00000000c8fb7778,0x00000000caf80000)
 Metaspace       used 13704K, capacity 14202K, committed 14336K, reserved 1060864K
  class space    used 1809K, capacity 1955K, committed 2048K, reserved 1048576K
}
Event: 12.516 GC heap before
{Heap before GC invocations=6 (full 0):
 PSYoungGen      total 16896K, used 16827K [0x00000000ed900000, 0x00000000eff00000, 0x0000000100000000)
  eden space 14848K, 99% used [0x00000000ed900000,0x00000000ee772d90,0x00000000ee780000)
  from space 2048K, 99% used [0x00000000ee780000,0x00000000ee97c010,0x00000000ee980000)
  to   space 4608K, 0% used [0x00000000efa80000,0x00000000efa80000,0x00000000eff00000)
 ParOldGen       total 38400K, used 5853K [0x00000000c8a00000, 0x00000000caf80000, 0x00000000ed900000)
  object space 38400K, 15% used [0x00000000c8a00000,0x00000000c8fb7778,0x00000000caf80000)
 Metaspace       used 15092K, capacity 15622K, committed 15744K, reserved 1062912K
  class space    used 2013K, capacity 2141K, committed 2176K, reserved 1048576K
Event: 12.542 GC heap after
Heap after GC invocations=6 (full 0):
 PSYoungGen      total 34304K, used 3849K [0x00000000ed900000, 0x00000000eff00000, 0x0000000100000000)
  eden space 29696K, 0% used [0x00000000ed900000,0x00000000ed900000,0x00000000ef600000)
  from space 4608K, 83% used [0x00000000efa80000,0x00000000efe42568,0x00000000eff00000)
  to   space 4608K, 0% used [0x00000000ef600000,0x00000000ef600000,0x00000000efa80000)
 ParOldGen       total 38400K, used 5861K [0x00000000c8a00000, 0x00000000caf80000, 0x00000000ed900000)
  object space 38400K, 15% used [0x00000000c8a00000,0x00000000c8fb9778,0x00000000caf80000)
 Metaspace       used 15092K, capacity 15622K, committed 15744K, reserved 1062912K
  class space    used 2013K, capacity 2141K, committed 2176K, reserved 1048576K
}
Event: 15.086 GC heap before
{Heap before GC invocations=7 (full 0):
 PSYoungGen      total 34304K, used 33545K [0x00000000ed900000, 0x00000000eff00000, 0x0000000100000000)
  eden space 29696K, 100% used [0x00000000ed900000,0x00000000ef600000,0x00000000ef600000)
  from space 4608K, 83% used [0x00000000efa80000,0x00000000efe42568,0x00000000eff00000)
  to   space 4608K, 0% used [0x00000000ef600000,0x00000000ef600000,0x00000000efa80000)
 ParOldGen       total 38400K, used 5861K [0x00000000c8a00000, 0x00000000caf80000, 0x00000000ed900000)
  object space 38400K, 15% used [0x00000000c8a00000,0x00000000c8fb9778,0x00000000caf80000)
 Metaspace       used 19629K, capacity 20410K, committed 20736K, reserved 1067008K
  class space    used 2546K, capacity 2727K, committed 2816K, reserved 1048576K
Event: 15.113 GC heap after
Heap after GC invocations=7 (full 0):
 PSYoungGen      total 34304K, used 4594K [0x00000000ed900000, 0x00000000f2000000, 0x0000000100000000)
  eden space 29696K, 0% used [0x00000000ed900000,0x00000000ed900000,0x00000000ef600000)
  from space 4608K, 99% used [0x00000000ef600000,0x00000000efa7ca48,0x00000000efa80000)
  to   space 6656K, 0% used [0x00000000f1980000,0x00000000f1980000,0x00000000f2000000)
 ParOldGen       total 38400K, used 8375K [0x00000000c8a00000, 0x00000000caf80000, 0x00000000ed900000)
  object space 38400K, 21% used [0x00000000c8a00000,0x00000000c922df40,0x00000000caf80000)
 Metaspace       used 19629K, capacity 20410K, committed 20736K, reserved 1067008K
  class space    used 2546K, capacity 2727K, committed 2816K, reserved 1048576K
}

